<?xml version="1.0" encoding="UTF-8"?>
<!-- Generated by org.testng.reporters.JUnitReportReporter -->
<testsuite skipped="0" hostname="DESKTOP-GQ48109" name="test.AddCustomerTest" tests="1" failures="0" timestamp="2021-01-29T14:44:28 EST" time="20.334" errors="0">
  <testcase name="userShouldBeAbleToCreateNewCustomer" time="20.334" classname="test.AddCustomerTest"/>
  <system-out/>
</testsuite> <!-- test.AddCustomerTest -->
