<?xml version="1.0" encoding="UTF-8"?>
<!-- Generated by org.testng.reporters.JUnitReportReporter -->
<testsuite skipped="0" hostname="DESKTOP-N308L1J" name="util.BrowserFactory" tests="1" failures="0" timestamp="15 Nov 2020 16:04:57 GMT" time="9.471" errors="0">
  <testcase name="init" time="9.471" classname="util.BrowserFactory"/>
</testsuite> <!-- util.BrowserFactory -->
