<?xml version="1.0" encoding="UTF-8"?>
<!-- Generated by org.testng.reporters.JUnitReportReporter -->
<testsuite skipped="0" hostname="DESKTOP-GQ48109" name="test.LoginTest" tests="1" failures="0" timestamp="2021-01-29T13:56:13 EST" time="12.190" errors="0">
  <testcase name="validUserShouldBeAbleToLogin" time="12.190" classname="test.LoginTest"/>
  <system-out/>
</testsuite> <!-- test.LoginTest -->
